<?xml version="1.0" encoding="UTF-8"?>
<testsuite name="dijkstra.SimpleTest" tests="1" skipped="0" failures="0" errors="0" timestamp="2023-01-09T00:04:19" hostname="DESKTOP-87MDRIP" time="0.002">
  <properties/>
  <testcase name="Dijkstra on a small graph" classname="dijkstra.SimpleTest" time="0.002"/>
  <system-out><![CDATA[]]></system-out>
  <system-err><![CDATA[]]></system-err>
</testsuite>
