<?xml version="1.0" encoding="UTF-8"?>
<testsuite name="mpp.faaqueue.FAAQueueTest" tests="2" skipped="0" failures="0" errors="0" timestamp="2023-01-18T21:06:19" hostname="DESKTOP-87MDRIP" time="400.605">
  <properties/>
  <testcase name="stressTest" classname="mpp.faaqueue.FAAQueueTest" time="217.359"/>
  <testcase name="modelCheckingTest" classname="mpp.faaqueue.FAAQueueTest" time="183.246"/>
  <system-out><![CDATA[]]></system-out>
  <system-err><![CDATA[]]></system-err>
</testsuite>
