<?xml version="1.0" encoding="UTF-8"?>
<testsuite name="CorrectnessTest" tests="2" skipped="0" failures="0" errors="0" timestamp="2023-01-13T16:46:03" hostname="DESKTOP-87MDRIP" time="0.108">
  <properties/>
  <testcase name="testSpuriousWakeup" classname="CorrectnessTest" time="0.101"/>
  <testcase name="testFCFS" classname="CorrectnessTest" time="0.006"/>
  <system-out><![CDATA[]]></system-out>
  <system-err><![CDATA[]]></system-err>
</testsuite>
