<?xml version="1.0" encoding="UTF-8"?>
<testsuite name="mpp.linkedlistset.LinkedListSetTest" tests="2" skipped="0" failures="0" errors="0" timestamp="2023-01-19T16:31:02" hostname="DESKTOP-87MDRIP" time="165.951">
  <properties/>
  <testcase name="stressTest" classname="mpp.linkedlistset.LinkedListSetTest" time="33.735"/>
  <testcase name="modelCheckingTest" classname="mpp.linkedlistset.LinkedListSetTest" time="132.216"/>
  <system-out><![CDATA[]]></system-out>
  <system-err><![CDATA[]]></system-err>
</testsuite>
