<?xml version="1.0" encoding="UTF-8"?>
<testsuite name="LinearizabilityTest" tests="1" skipped="0" failures="0" errors="0" timestamp="2022-09-17T18:48:47" hostname="DESKTOP-87MDRIP" time="163.681">
  <properties/>
  <testcase name="test" classname="LinearizabilityTest" time="163.681"/>
  <system-out><![CDATA[]]></system-out>
  <system-err><![CDATA[]]></system-err>
</testsuite>
