<?xml version="1.0" encoding="UTF-8"?>
<testsuite name="mpp.counter.ShardedCounterTest" tests="2" skipped="0" failures="0" errors="0" timestamp="2022-11-23T10:36:44" hostname="DESKTOP-87MDRIP" time="193.893">
  <properties/>
  <testcase name="stressTest" classname="mpp.counter.ShardedCounterTest" time="138.435"/>
  <testcase name="modelCheckingTest" classname="mpp.counter.ShardedCounterTest" time="55.458"/>
  <system-out><![CDATA[]]></system-out>
  <system-err><![CDATA[]]></system-err>
</testsuite>
