<?xml version="1.0" encoding="UTF-8"?>
<testsuite name="mpp.msqueue.MSQueueTest" tests="2" skipped="0" failures="0" errors="0" timestamp="2022-10-06T21:30:00" hostname="DESKTOP-87MDRIP" time="255.808">
  <properties/>
  <testcase name="stressTest" classname="mpp.msqueue.MSQueueTest" time="147.428"/>
  <testcase name="modelCheckingTest" classname="mpp.msqueue.MSQueueTest" time="108.38"/>
  <system-out><![CDATA[]]></system-out>
  <system-err><![CDATA[]]></system-err>
</testsuite>
