<?xml version="1.0" encoding="UTF-8"?>
<testsuite name="mpp.stackWithElimination.TreiberStackWithEliminationTest" tests="2" skipped="0" failures="0" errors="0" timestamp="2022-10-25T12:38:03" hostname="DESKTOP-87MDRIP" time="297.463">
  <properties/>
  <testcase name="stressTest" classname="mpp.stackWithElimination.TreiberStackWithEliminationTest" time="152.221"/>
  <testcase name="modelCheckingTest" classname="mpp.stackWithElimination.TreiberStackWithEliminationTest" time="145.242"/>
  <system-out><![CDATA[]]></system-out>
  <system-err><![CDATA[]]></system-err>
</testsuite>
