<?xml version="1.0" encoding="UTF-8"?>
<testsuite name="AtomicArrayNoAbaTest" tests="2" skipped="0" failures="0" errors="0" timestamp="2023-01-19T11:49:01" hostname="DESKTOP-87MDRIP" time="144.874">
  <properties/>
  <testcase name="stressTest" classname="AtomicArrayNoAbaTest" time="32.087"/>
  <testcase name="modelCheckingTest" classname="AtomicArrayNoAbaTest" time="112.787"/>
  <system-out><![CDATA[]]></system-out>
  <system-err><![CDATA[]]></system-err>
</testsuite>
