<?xml version="1.0" encoding="UTF-8"?>
<testsuite name="SynchronousQueueTest" tests="2" skipped="0" failures="0" errors="0" timestamp="2023-01-11T00:14:23" hostname="DESKTOP-87MDRIP" time="292.711">
  <properties/>
  <testcase name="stressTest" classname="SynchronousQueueTest" time="132.48"/>
  <testcase name="modelCheckingTest" classname="SynchronousQueueTest" time="160.231"/>
  <system-out><![CDATA[]]></system-out>
  <system-err><![CDATA[]]></system-err>
</testsuite>
